# JRE version: Java(TM) SE Runtime Environment (8.0_60-b27) (build 1.8.0_60-b27)
# Java VM: Java HotSpot(TM) 64-Bit Server VM (25.60-b23 mixed mode bsd-amd64 compressed oops)
Heap:
 PSYoungGen      total 279040K, used 67366K [0x00000007aab00000, 0x00000007bcc00000, 0x00000007c0000000)
  eden space 266752K, 20% used [0x00000007aab00000,0x00000007ae13f038,0x00000007baf80000)
  from space 12288K, 96% used [0x00000007bbd00000,0x00000007bc88a7d8,0x00000007bc900000)
  to   space 13824K, 0% used [0x00000007baf80000,0x00000007baf80000,0x00000007bbd00000)
 ParOldGen       total 62464K, used 31907K [0x0000000780000000, 0x0000000783d00000, 0x00000007aab00000)
  object space 62464K, 51% used [0x0000000780000000,0x0000000781f28fd8,0x0000000783d00000)
 Metaspace       used 15181K, capacity 16074K, committed 16384K, reserved 1062912K
  class space    used 2073K, capacity 2252K, committed 2304K, reserved 1048576K
GC Heap History (10 events):
Event: 5149.609 GC heap before
{Heap before GC invocations=11 (full 0):
 PSYoungGen      total 115200K, used 110168K [0x00000007aab00000, 0x00000007b2700000, 0x00000007c0000000)
  eden space 104448K, 99% used [0x00000007aab00000,0x00000007b10cc810,0x00000007b1100000)
  from space 10752K, 55% used [0x00000007b1c80000,0x00000007b2249a38,0x00000007b2700000)
  to   space 11264K, 0% used [0x00000007b1100000,0x00000007b1100000,0x00000007b1c00000)
 ParOldGen       total 44032K, used 21192K [0x0000000780000000, 0x0000000782b00000, 0x00000007aab00000)
  object space 44032K, 48% used [0x0000000780000000,0x00000007814b2268,0x0000000782b00000)
 Metaspace       used 14913K, capacity 15830K, committed 16128K, reserved 1062912K
  class space    used 2076K, capacity 2260K, committed 2304K, reserved 1048576K
Event: 5149.623 GC heap after
Heap after GC invocations=11 (full 0):
 PSYoungGen      total 115712K, used 11262K [0x00000007aab00000, 0x00000007b6780000, 0x00000007c0000000)
  eden space 104448K, 0% used [0x00000007aab00000,0x00000007aab00000,0x00000007b1100000)
  from space 11264K, 99% used [0x00000007b1100000,0x00000007b1bffa20,0x00000007b1c00000)
  to   space 12800K, 0% used [0x00000007b5b00000,0x00000007b5b00000,0x00000007b6780000)
 ParOldGen       total 44032K, used 32431K [0x0000000780000000, 0x0000000782b00000, 0x00000007aab00000)
  object space 44032K, 73% used [0x0000000780000000,0x0000000781fabc98,0x0000000782b00000)
 Metaspace       used 14913K, capacity 15830K, committed 16128K, reserved 1062912K
  class space    used 2076K, capacity 2260K, committed 2304K, reserved 1048576K
}
Event: 5149.718 GC heap before
{Heap before GC invocations=12 (full 0):
 PSYoungGen      total 115712K, used 115710K [0x00000007aab00000, 0x00000007b6780000, 0x00000007c0000000)
  eden space 104448K, 100% used [0x00000007aab00000,0x00000007b1100000,0x00000007b1100000)
  from space 11264K, 99% used [0x00000007b1100000,0x00000007b1bffa20,0x00000007b1c00000)
  to   space 12800K, 0% used [0x00000007b5b00000,0x00000007b5b00000,0x00000007b6780000)
 ParOldGen       total 44032K, used 32431K [0x0000000780000000, 0x0000000782b00000, 0x00000007aab00000)
  object space 44032K, 73% used [0x0000000780000000,0x0000000781fabc98,0x0000000782b00000)
 Metaspace       used 14913K, capacity 15830K, committed 16128K, reserved 1062912K
  class space    used 2076K, capacity 2260K, committed 2304K, reserved 1048576K
Event: 5149.730 GC heap after
Heap after GC invocations=12 (full 0):
 PSYoungGen      total 179200K, used 3784K [0x00000007aab00000, 0x00000007b6680000, 0x00000007c0000000)
  eden space 167424K, 0% used [0x00000007aab00000,0x00000007aab00000,0x00000007b4e80000)
  from space 11776K, 32% used [0x00000007b5b00000,0x00000007b5eb2160,0x00000007b6680000)
  to   space 12288K, 0% used [0x00000007b4e80000,0x00000007b4e80000,0x00000007b5a80000)
 ParOldGen       total 52224K, used 50017K [0x0000000780000000, 0x0000000783300000, 0x00000007aab00000)
  object space 52224K, 95% used [0x0000000780000000,0x00000007830d8548,0x0000000783300000)
 Metaspace       used 14913K, capacity 15830K, committed 16128K, reserved 1062912K
  class space    used 2076K, capacity 2260K, committed 2304K, reserved 1048576K
}
Event: 5149.730 GC heap before
{Heap before GC invocations=13 (full 1):
 PSYoungGen      total 179200K, used 3784K [0x00000007aab00000, 0x00000007b6680000, 0x00000007c0000000)
  eden space 167424K, 0% used [0x00000007aab00000,0x00000007aab00000,0x00000007b4e80000)
  from space 11776K, 32% used [0x00000007b5b00000,0x00000007b5eb2160,0x00000007b6680000)
  to   space 12288K, 0% used [0x00000007b4e80000,0x00000007b4e80000,0x00000007b5a80000)
 ParOldGen       total 52224K, used 50017K [0x0000000780000000, 0x0000000783300000, 0x00000007aab00000)
  object space 52224K, 95% used [0x0000000780000000,0x00000007830d8548,0x0000000783300000)
 Metaspace       used 14913K, capacity 15830K, committed 16128K, reserved 1062912K
  class space    used 2076K, capacity 2260K, committed 2304K, reserved 1048576K
Event: 5149.765 GC heap after
Heap after GC invocations=13 (full 1):
 PSYoungGen      total 179200K, used 0K [0x00000007aab00000, 0x00000007b6680000, 0x00000007c0000000)
  eden space 167424K, 0% used [0x00000007aab00000,0x00000007aab00000,0x00000007b4e80000)
  from space 11776K, 0% used [0x00000007b5b00000,0x00000007b5b00000,0x00000007b6680000)
  to   space 12288K, 0% used [0x00000007b4e80000,0x00000007b4e80000,0x00000007b5a80000)
 ParOldGen       total 62464K, used 31763K [0x0000000780000000, 0x0000000783d00000, 0x00000007aab00000)
  object space 62464K, 50% used [0x0000000780000000,0x0000000781f04fd8,0x0000000783d00000)
 Metaspace       used 14903K, capacity 15814K, committed 16128K, reserved 1062912K
  class space    used 2072K, capacity 2252K, committed 2304K, reserved 1048576K
}
Event: 7781.063 GC heap before
{Heap before GC invocations=14 (full 1):
 PSYoungGen      total 179200K, used 166313K [0x00000007aab00000, 0x00000007b6680000, 0x00000007c0000000)
  eden space 167424K, 99% used [0x00000007aab00000,0x00000007b4d6a490,0x00000007b4e80000)
  from space 11776K, 0% used [0x00000007b5b00000,0x00000007b5b00000,0x00000007b6680000)
  to   space 12288K, 0% used [0x00000007b4e80000,0x00000007b4e80000,0x00000007b5a80000)
 ParOldGen       total 62464K, used 31763K [0x0000000780000000, 0x0000000783d00000, 0x00000007aab00000)
  object space 62464K, 50% used [0x0000000780000000,0x0000000781f04fd8,0x0000000783d00000)
 Metaspace       used 15177K, capacity 16074K, committed 16384K, reserved 1062912K
  class space    used 2073K, capacity 2252K, committed 2304K, reserved 1048576K
Event: 7781.067 GC heap after
Heap after GC invocations=14 (full 1):
 PSYoungGen      total 179712K, used 4488K [0x00000007aab00000, 0x00000007bc900000, 0x00000007c0000000)
  eden space 167424K, 0% used [0x00000007aab00000,0x00000007aab00000,0x00000007b4e80000)
  from space 12288K, 36% used [0x00000007b4e80000,0x00000007b52e23b0,0x00000007b5a80000)
  to   space 12288K, 0% used [0x00000007bbd00000,0x00000007bbd00000,0x00000007bc900000)
 ParOldGen       total 62464K, used 31771K [0x0000000780000000, 0x0000000783d00000, 0x00000007aab00000)
  object space 62464K, 50% used [0x0000000780000000,0x0000000781f06fd8,0x0000000783d00000)
 Metaspace       used 15177K, capacity 16074K, committed 16384K, reserved 1062912K
  class space    used 2073K, capacity 2252K, committed 2304K, reserved 1048576K
}
Event: 9543.757 GC heap before
{Heap before GC invocations=15 (full 1):
 PSYoungGen      total 179712K, used 171912K [0x00000007aab00000, 0x00000007bc900000, 0x00000007c0000000)
  eden space 167424K, 100% used [0x00000007aab00000,0x00000007b4e80000,0x00000007b4e80000)
  from space 12288K, 36% used [0x00000007b4e80000,0x00000007b52e23b0,0x00000007b5a80000)
  to   space 12288K, 0% used [0x00000007bbd00000,0x00000007bbd00000,0x00000007bc900000)
 ParOldGen       total 62464K, used 31771K [0x0000000780000000, 0x0000000783d00000, 0x00000007aab00000)
  object space 62464K, 50% used [0x0000000780000000,0x0000000781f06fd8,0x0000000783d00000)
 Metaspace       used 15181K, capacity 16074K, committed 16384K, reserved 1062912K
  class space    used 2073K, capacity 2252K, committed 2304K, reserved 1048576K
Event: 9543.765 GC heap after
Heap after GC invocations=15 (full 1):
 PSYoungGen      total 279040K, used 11817K [0x00000007aab00000, 0x00000007bcc00000, 0x00000007c0000000)
  eden space 266752K, 0% used [0x00000007aab00000,0x00000007aab00000,0x00000007baf80000)
  from space 12288K, 96% used [0x00000007bbd00000,0x00000007bc88a7d8,0x00000007bc900000)
  to   space 13824K, 0% used [0x00000007baf80000,0x00000007baf80000,0x00000007bbd00000)
 ParOldGen       total 62464K, used 31907K [0x0000000780000000, 0x0000000783d00000, 0x00000007aab00000)
  object space 62464K, 51% used [0x0000000780000000,0x0000000781f28fd8,0x0000000783d00000)
 Metaspace       used 15181K, capacity 16074K, committed 16384K, reserved 1062912K
  class space    used 2073K, capacity 2252K, committed 2304K, reserved 1048576K
}

